[INFO  - 2020-06-08T03:31:03.005Z] GhostDriver - Main - running on port 59521
[INFO  - 2020-06-08T03:31:03.255Z] Session [7ad8c230-a938-11ea-add5-b1e11078f447] - page.settings - {"XSSAuditingEnabled":false,"javascriptCanCloseWindows":true,"javascriptCanOpenWindows":true,"javascriptEnabled":true,"loadImages":true,"localToRemoteUrlAccessEnabled":false,"userAgent":"Mozilla/5.0 (Macintosh; Intel Mac OS X) AppleWebKit/538.1 (KHTML, like Gecko) PhantomJS/2.1.1 Safari/538.1","webSecurityEnabled":true}
[INFO  - 2020-06-08T03:31:03.255Z] Session [7ad8c230-a938-11ea-add5-b1e11078f447] - page.customHeaders:  - {}
[INFO  - 2020-06-08T03:31:03.255Z] Session [7ad8c230-a938-11ea-add5-b1e11078f447] - Session.negotiatedCapabilities - {"browserName":"phantomjs","version":"2.1.1","driverName":"ghostdriver","driverVersion":"1.2.0","platform":"mac-unknown-64bit","javascriptEnabled":true,"takesScreenshot":true,"handlesAlerts":false,"databaseEnabled":false,"locationContextEnabled":false,"applicationCacheEnabled":false,"browserConnectionEnabled":false,"cssSelectorsEnabled":true,"webStorageEnabled":false,"rotatable":false,"acceptSslCerts":false,"nativeEvents":true,"proxy":{"proxyType":"direct"}}
[INFO  - 2020-06-08T03:31:03.255Z] SessionManagerReqHand - _postNewSessionCommand - New Session Created: 7ad8c230-a938-11ea-add5-b1e11078f447
[ERROR - 2020-06-08T03:31:04.050Z] Session [7ad8c230-a938-11ea-add5-b1e11078f447] - page.onError - msg: TypeError: undefined is not a constructor (evaluating 'new A')

  phantomjs://platform/console++.js:263 in error
[ERROR - 2020-06-08T03:31:04.051Z] Session [7ad8c230-a938-11ea-add5-b1e11078f447] - page.onError - stack:
  (anonymous function) (https://players.brightcove.net/5530036775001/default_default/index.min.js:1)
  (anonymous function) (https://players.brightcove.net/5530036775001/default_default/index.min.js:1)
  (anonymous function) (https://players.brightcove.net/5530036775001/default_default/index.min.js:1)
  (anonymous function) (https://players.brightcove.net/5530036775001/default_default/index.min.js:1)
  (anonymous function) (https://players.brightcove.net/5530036775001/default_default/index.min.js:1)
  (anonymous function) (https://players.brightcove.net/5530036775001/default_default/index.min.js:1)

  phantomjs://platform/console++.js:263 in error
[ERROR - 2020-06-08T03:31:05.188Z] Session [7ad8c230-a938-11ea-add5-b1e11078f447] - page.onError - msg: ReferenceError: Can't find variable: bc

  phantomjs://platform/console++.js:263 in error
[ERROR - 2020-06-08T03:31:05.188Z] Session [7ad8c230-a938-11ea-add5-b1e11078f447] - page.onError - stack:
  (anonymous function) (https://www.atlutd.com/:163)
  k (https://www.atlutd.com/sites/all/modules/contrib/jquery_update/replace/jquery/1.8/jquery.min.js?v=1.8.2:2)
  fireWith (https://www.atlutd.com/sites/all/modules/contrib/jquery_update/replace/jquery/1.8/jquery.min.js?v=1.8.2:2)
  ready (https://www.atlutd.com/sites/all/modules/contrib/jquery_update/replace/jquery/1.8/jquery.min.js?v=1.8.2:2)
  D (https://www.atlutd.com/sites/all/modules/contrib/jquery_update/replace/jquery/1.8/jquery.min.js?v=1.8.2:2)

  phantomjs://platform/console++.js:263 in error
[ERROR - 2020-06-08T03:31:10.127Z] Session [7ad8c230-a938-11ea-add5-b1e11078f447] - page.onError - msg: TypeError: undefined is not a constructor (evaluating 'domain.includes(".com")')

  phantomjs://platform/console++.js:263 in error
[ERROR - 2020-06-08T03:31:10.127Z] Session [7ad8c230-a938-11ea-add5-b1e11078f447] - page.onError - stack:
  (anonymous function) (https://www.atlutd.com/:33)

  phantomjs://platform/console++.js:263 in error
[INFO  - 2020-06-08T03:31:39.680Z] SessionManagerReqHand - _cleanupWindowlessSessions - Asynchronous Sessions clean-up phase starting NOW
[INFO  - 2020-06-08T03:36:39.683Z] SessionManagerReqHand - _cleanupWindowlessSessions - Asynchronous Sessions clean-up phase starting NOW
[INFO  - 2020-06-08T03:41:39.686Z] SessionManagerReqHand - _cleanupWindowlessSessions - Asynchronous Sessions clean-up phase starting NOW
[INFO  - 2020-06-08T03:46:39.706Z] SessionManagerReqHand - _cleanupWindowlessSessions - Asynchronous Sessions clean-up phase starting NOW
[INFO  - 2020-06-08T03:51:39.710Z] SessionManagerReqHand - _cleanupWindowlessSessions - Asynchronous Sessions clean-up phase starting NOW
[INFO  - 2020-06-08T03:56:39.716Z] SessionManagerReqHand - _cleanupWindowlessSessions - Asynchronous Sessions clean-up phase starting NOW
[INFO  - 2020-06-08T04:01:39.721Z] SessionManagerReqHand - _cleanupWindowlessSessions - Asynchronous Sessions clean-up phase starting NOW
[INFO  - 2020-06-08T04:06:39.726Z] SessionManagerReqHand - _cleanupWindowlessSessions - Asynchronous Sessions clean-up phase starting NOW
[INFO  - 2020-06-08T04:11:39.731Z] SessionManagerReqHand - _cleanupWindowlessSessions - Asynchronous Sessions clean-up phase starting NOW
[INFO  - 2020-06-08T04:16:39.737Z] SessionManagerReqHand - _cleanupWindowlessSessions - Asynchronous Sessions clean-up phase starting NOW
[INFO  - 2020-06-08T04:21:39.748Z] SessionManagerReqHand - _cleanupWindowlessSessions - Asynchronous Sessions clean-up phase starting NOW
[INFO  - 2020-06-08T04:26:39.754Z] SessionManagerReqHand - _cleanupWindowlessSessions - Asynchronous Sessions clean-up phase starting NOW
update/replace/jquery/1.7/jquery.min.js?v=1.7.1:2)
  B (https://www.chicagofirefc.com/sites/all/modules/contrib/jquery_update/replace/jquery/1.7/jquery.min.js?v=1.7.1:2)

  phantomjs://platform/console++.js:263 in error
[ERROR - 2020-06-08T03:31:18.367Z] Session [7ad8c230-a938-11ea-add5-b1e11078f447] - page.onError - msg: TypeError: undefined is not a constructor (evaluating 'domain.includes(".com")')

  phantomjs://platform/console++.js:263 in error
[ERROR - 2020-06-08T03:31:18.367Z] Session [7ad8c230-a938-11ea-add5-b1e11078f447] - page.onError - stack:
  (anonymous function) (https://www.chicagofirefc.com/:33)

  phantomjs://platform/console++.js:263 in error
[ERROR - 2020-06-08T03:31:20.112Z] Session [7ad8c230-a938-11ea-add5-b1e11078f447] - page.onError - msg: TypeError: undefined is not a constructor (evaluating 'new A')

  phantomjs://platform/console++.js:263 in error
[ERROR - 2020-06-08T03:31:20.112Z] Session [7ad8c230-a938-11ea-add5-b1e11078f447] - page.onError - stack:
  (anonymous function) (https://players.brightcove.net/5805274507001/default_default/index.min.js:1)
  (anonymous function) (https://players.brightcove.net/5805274507001/default_default/index.min.js:1)
  (anonymous function) (https://players.brightcove.net/5805274507001/default_default/index.min.js:1)
  (anonymous function) (https://players.brightcove.net/5805274507001/default_default/index.min.js:1)
  (anonymous function) (https://players.brightcove.net/5805274507001/default_default/index.min.js:1)
  (anonymous function) (https://players.brightcove.net/5805274507001/default_default/index.min.js:1)

  phantomjs://platform/console++.js:263 in error
[ERROR - 2020-06-08T03:31:20.325Z] Session [7ad8c230-a938-11ea-add5-b1e11078f447] - page.onError - msg: ReferenceError: Can't find variable: bc

  phantomjs://platform/console++.js:263 in error
[ERROR - 2020-06-08T03:31:20.325Z] Session [7ad8c230-a938-11ea-add5-b1e11078f447] - page.onError - stack:
  (anonymous function) (https://www.fccincinnati.com/:163)
  k (https://www.fccincinnati.com/sites/all/modules/contrib/jquery_update/replace/jquery/1.8/jquery.min.js?v=1.8.2:2)
  fireWith (https://www.fccincinnati.com/sites/all/modules/contrib/jquery_update/replace/jquery/1.8/jquery.min.js?v=1.8.2:2)
  ready (https://www.fccincinnati.com/sites/all/modules/contrib/jquery_update/replace/jquery/1.8/jquery.min.js?v=1.8.2:2)
  D (https://www.fccincinnati.com/sites/all/modules/contrib/jquery_update/replace/jquery/1.8/jquery.min.js?v=1.8.2:2)

  phantomjs://platform/console++.js:263 in error
[ERROR - 2020-06-08T03:31:23.146Z] Session [7ad8c230-a938-11ea-add5-b1e11078f447] - page.onError - msg: TypeError: undefined is not a constructor (evaluating 'domain.includes(".com")')

  phantomjs://platform/console++.js:263 in error
[ERROR - 2020-06-08T03:31:23.146Z] Session [7ad8c230-a938-11ea-add5-b1e11078f447] - page.onError - stack:
  (anonymous function) (https://www.fccincinnati.com/:33)

  phantomjs://platform/console++.js:263 in error
[ERROR - 2020-06-08T03:31:24.966Z] Session [7ad8c230-a938-11ea-add5-b1e11078f447] - page.onError - msg: TypeError: undefined is not a constructor (evaluating 'new S')

  phantomjs://platform/console++.js:263 in error
[ERROR - 2020-06-08T03:31:24.966Z] Session [7ad8c230-a938-11ea-add5-b1e11078f447] - page.onError - stack:
  (anonymous function) (https://players.brightcove.net/5534894063001/default_default/index.min.js:1)
  (anonymous function) (https://players.brightcove.net/5534894063001/default_default/index.min.js:1)
  (anonymous function) (https://players.brightcove.net/5534894063001/default_default/index.min.js:1)
  (anonymous function) (https://players.brightcove.net/5534894063001/default_default/index.min.js:1)
  (anonymous function) (https://players.brightcove.net/5534894063001/default_default/index.min.js:1)
  (anonymous function) (https://players.brightcove.net/5534894063001/default_default/index.min.js:1)

  phantomjs://platform/console++.js:263 in error
[ERROR - 2020-06-08T03:31:25.443Z] Session [7ad8c230-a938-11ea-add5-b1e11078f447] - page.onError - msg: ReferenceError: Can't find variable: bc

  phantomjs://platform/console++.js:263 in error
[ERROR - 2020-06-08T03:31:25.443Z] Session [7ad8c230-a938-11ea-add5-b1e11078f447] - page.onError - stack:
  (anonymous function) (https://www.coloradorapids.com/:168)
  k (https://www.coloradorapids.com/sites/all/modules/contrib/jquery_update/replace/jquery/1.8/jquery.min.js?v=1.8.2:2)
  fireWith (https://www.coloradorapids.com/sites/all/modules/contrib/jquery_update/replace/jquery/1.8/jquery.min.js?v=1.8.2:2)
  ready (https://www.coloradorapids.com/sites/all/modules/contrib/jquery_update/replace/jquery/1.8/jquery.min.js?v=1.8.2:2)
  D (https://www.coloradorapids.com/sites/all/modules/contrib/jquery_update/replace/jquery/1.8/jquery.min.js?v=1.8.2:2)

  phantomjs://platform/console++.js:263 in error
[ERROR - 2020-06-08T03:31:36.853Z] Session [7ad8c230-a938-11ea-add5-b1e11078f447] - page.onError - msg: TypeError: undefined is not a constructor (evaluating 'new A')

  phantomjs://platform/console++.js:263 in error
[ERROR - 2020-06-08T03:31:36.854Z] Session [7ad8c230-a938-11ea-add5-b1e11078f447] - page.onError - stack:
  (anonymous function) (https://players.brightcove.net/5534894066001/default_default/index.min.js:1)
  (anonymous function) (https://players.brightcove.net/5534894066001/default_default/index.min.js:1)
  (anonymous function) (https://players.brightcove.net/5534894066001/default_default/index.min.js:1)
  (anonymous function) (https://players.brightcove.net/5534894066001/default_default/index.min.js:1)
  (anonymous function) (https://players.brightcove.net/5534894066001/default_default/index.min.js:1)
  (anonymous function) (https://players.brightcove.net/5534894066001/default_default/index.min.js:1)

  phantomjs://platform/console++.js:263 in error
[ERROR - 2020-06-08T03:31:37.324Z] Session [7ad8c230-a938-11ea-add5-b1e11078f447] - page.onError - msg: ReferenceError: Can't find variable: bc

  phantomjs://platform/console++.js:263 in error
[ERROR - 2020-06-08T03:31:37.324Z] Session [7ad8c230-a938-11ea-add5-b1e11078f447] - page.onError - stack:
  (anonymous function) (https://www.fcdallas.com/:171)
  n (https://www.fcdallas.com/sites/all/modules/contrib/jquery_update/replace/jquery/1.7/jquery.min.js?v=1.7.1:2)
  fireWith (https://www.fcdallas.com/sites/all/modules/contrib/jquery_update/replace/jquery/1.7/jquery.min.js?v=1.7.1:2)
  ready (https://www.fcdallas.com/sites/all/modules/contrib/jquery_update/replace/jquery/1.7/jquery.min.js?v=1.7.1:2)
  B (https://www.fcdallas.com/sites/all/modules/contrib/jquery_update/replace/jquery/1.7/jquery.min.js?v=1.7.1:2)

  phantomjs://platform/console++.js:263 in error
[ERROR - 2020-06-08T03:31:42.527Z] Session [7ad8c230-a938-11ea-add5-b1e11078f447] - page.onError - msg: TypeError: undefined is not a constructor (evaluating 'domain.includes(".com")')

  phantomjs://platform/console++.js:263 in error
[ERROR - 2020-06-08T03:31:42.527Z] Session [7ad8c230-a938-11ea-add5-b1e11078f447] - page.onError - stack:
  (anonymous function) (https://www.dcunited.com/:33)

  phantomjs://platform/console++.js:263 in error
[ERROR - 2020-06-08T03:31:44.606Z] Session [7ad8c230-a938-11ea-add5-b1e11078f447] - page.onError - msg: TypeError: undefined is not a constructor (evaluating 'new A')

  phantomjs://platform/console++.js:263 in error
[ERROR - 2020-06-08T03:31:44.606Z] Session [7ad8c230-a938-11ea-add5-b1e11078f447] - page.onError - stack:
  (anonymous function) (https://players.brightcove.net/5534894067001/default_default/index.min.js:1)
  (anonymous function) (https://players.brightcove.net/5534894067001/default_default/index.min.js:1)
  (anonymous function) (https://players.brightcove.net/5534894067001/default_default/index.min.js:1)
  (anonymous function) (https://players.brightcove.net/5534894067001/default_default/index.min.js:1)
  (anonymous function) (https://players.brightcove.net/5534894067001/default_default/index.min.js:1)
  (anonymous function) (https://players.brightcove.net/5534894067001/default_default/index.min.js:1)

  phantomjs://platform/console++.js:263 in error
[ERROR - 2020-06-08T03:31:45.098Z] Session [7ad8c230-a938-11ea-add5-b1e11078f447] - page.onError - msg: ReferenceError: Can't find variable: bc

  phantomjs://platform/console++.js:263 in error
[ERROR - 2020-06-08T03:31:45.098Z] Session [7ad8c230-a938-11ea-add5-b1e11078f447] - page.onError - stack:
  (anonymous function) (https://www.houstondynamo.com/:163)
  n (https://www.houstondynamo.com/sites/all/modules/contrib/jquery_update/replace/jquery/1.7/jquery.min.js?v=1.7.1:2)
  fireWith (https://www.houstondynamo.com/sites/all/modules/contrib/jquery_update/replace/jquery/1.7/jquery.min.js?v=1.7.1:2)
  ready (https://www.houstondynamo.com/sites/all/modules/contrib/jquery_update/replace/jquery/1.7/jquery.min.js?v=1.7.1:2)
  B (https://www.houstondynamo.com/sites/all/modules/contrib/jquery_update/replace/jquery/1.7/jquery.min.js?v=1.7.1:2)

  phantomjs://platform/console++.js:263 in error
[ERROR - 2020-06-08T03:31:45.829Z] Session [7ad8c230-a938-11ea-add5-b1e11078f447] - page.onError - msg: SyntaxError: DOM Exception 12: An invalid or illegal string was specified.

  phantomjs://platform/console++.js:263 in error
[ERROR - 2020-06-08T03:31:45.830Z] Session [7ad8c230-a938-11ea-add5-b1e11078f447] - page.onError - stack:
  postMessage (https://secure.quantserve.com/quant.js:2)
  d (https://secure.quantserve.com/quant.js:2)
  consent (https://secure.quantserve.com/quant.js:2)
  (anonymous function) (https://secure.quantserve.com/quant.js:2)
  map (:0)
  o (https://secure.quantserve.com/quant.js:2)
  R (https://secure.quantserve.com/quant.js:2)
  x (https://secure.quantserve.com/quant.js:2)
  I (https://secure.quantserve.com/quant.js:2)
  V (https://secure.quantserve.com/quant.js:2)
  nn (https://secure.quantserve.com/quant.js:2)
  tn (https://secure.quantserve.com/quant.js:2)
  (anonymous function) (https://secure.quantserve.com/quant.js:2)

  phantomjs://platform/console++.js:263 in error
[ERROR - 2020-06-08T03:31:46.431Z] Session [7ad8c230-a938-11ea-add5-b1e11078f447] - page.onError - msg: TypeError: undefined is not a constructor (evaluating 'domain.includes(".com")')

  phantomjs://platform/console++.js:263 in error
[ERROR - 2020-06-08T03:31:46.431Z] Session [7ad8c230-a938-11ea-add5-b1e11078f447] - page.onError - stack:
  (anonymous function) (https://www.houstondynamo.com/:33)

  phantomjs://platform/console++.js:263 in error
[ERROR - 2020-06-08T03:31:52.218Z] Session [7ad8c230-a938-11ea-add5-b1e11078f447] - page.onError - msg: TypeError: undefined is not a constructor (evaluating 'new A')

  phantomjs://platform/console++.js:263 in error
[ERROR - 2020-06-08T03:31:52.218Z] Session [7ad8c230-a938-11ea-add5-b1e11078f447] - page.onError - stack:
  (anonymous function) (https://players.brightcove.net/5534894108001/default_default/index.min.js:1)
  (anonymous function) (https://players.brightcove.net/5534894108001/default_default/index.min.js:1)
  (anonymous function) (https://players.brightcove.net/5534894108001/default_default/index.min.js:1)
  (anonymous function) (https://players.brightcove.net/5534894108001/default_default/index.min.js:1)
  (anonymous function) (https://players.brightcove.net/5534894108001/default_default/index.min.js:1)
  (anonymous function) (https://players.brightcove.net/5534894108001/default_default/index.min.js:1)

  phantomjs://platform/console++.js:263 in error
[ERROR - 2020-06-08T03:31:52.572Z] Session [7ad8c230-a938-11ea-add5-b1e11078f447] - page.onError - msg: ReferenceError: Can't find variable: bc

  phantomjs://platform/console++.js:263 in error
[ERROR - 2020-06-08T03:31:52.572Z] Session [7ad8c230-a938-11ea-add5-b1e11078f447] - page.onError - stack:
  (anonymous function) (https://www.lafc.com/:163)
  k (https://www.lafc.com/sites/all/modules/contrib/jquery_update/replace/jquery/1.8/jquery.min.js?v=1.8.2:2)
  fireWith (https://www.lafc.com/sites/all/modules/contrib/jquery_update/replace/jquery/1.8/jquery.min.js?v=1.8.2:2)
  ready (https://www.lafc.com/sites/all/modules/contrib/jquery_update/replace/jquery/1.8/jquery.min.js?v=1.8.2:2)
  D (https://www.lafc.com/sites/all/modules/contrib/jquery_update/replace/jquery/1.8/jquery.min.js?v=1.8.2:2)

  phantomjs://platform/console++.js:263 in error
[ERROR - 2020-06-08T03:31:53.878Z] Session [7ad8c230-a938-11ea-add5-b1e11078f447] - page.onError - msg: TypeError: undefined is not a constructor (evaluating 'domain.includes(".com")')

  phantomjs://platform/console++.js:263 in error
[ERROR - 2020-06-08T03:31:53.878Z] Session [7ad8c230-a938-11ea-add5-b1e11078f447] - page.onError - stack:
  (anonymous function) (https://www.lafc.com/:33)

  phantomjs://platform/console++.js:263 in error
[ERROR - 2020-06-08T03:31:56.356Z] Session [7ad8c230-a938-11ea-add5-b1e11078f447] - page.onError - msg: TypeError: undefined is not a constructor (evaluating 'new A')

  phantomjs://platform/console++.js:263 in error
[ERROR - 2020-06-08T03:31:56.356Z] Session [7ad8c230-a938-11ea-add5-b1e11078f447] - page.onError - stack:
  (anonymous function) (https://players.brightcove.net/5534894109001/default_default/index.min.js:1)
  (anonymous function) (https://players.brightcove.net/5534894109001/default_default/index.min.js:1)
  (anonymous function) (https://players.brightcove.net/5534894109001/default_default/index.min.js:1)
  (anonymous function) (https://players.brightcove.net/5534894109001/default_default/index.min.js:1)
  (anonymous function) (https://players.brightcove.net/5534894109001/default_default/index.min.js:1)
  (anonymous function) (https://players.brightcove.net/5534894109001/default_default/index.min.js:1)

  phantomjs://platform/console++.js:263 in error
[ERROR - 2020-06-08T03:31:58.008Z] Session [7ad8c230-a938-11ea-add5-b1e11078f447] - page.onError - msg: TypeError: undefined is not a constructor (evaluating 'domain.includes(".com")')

  phantomjs://platform/console++.js:263 in error
[ERROR - 2020-06-08T03:31:58.008Z] Session [7ad8c230-a938-11ea-add5-b1e11078f447] - page.onError - stack:
  (anonymous function) (https://www.lagalaxy.com/:33)

  phantomjs://platform/console++.js:263 in error
[ERROR - 2020-06-08T03:32:01.601Z] Session [7ad8c230-a938-11ea-add5-b1e11078f447] - page.onError - msg: TypeError: undefined is not a constructor (evaluating 'domain.includes(".com")')

  phantomjs://platform/console++.js:263 in error
[ERROR - 2020-06-08T03:32:01.602Z] Session [7ad8c230-a938-11ea-add5-b1e11078f447] - page.onError - stack:
  (anonymous function) (https://www.intermiamicf.com/:33)

  phantomjs://platform/console++.js:263 in error
[ERROR - 2020-06-08T03:32:16.834Z] Session [7ad8c230-a938-11ea-add5-b1e11078f447] - page.onError - msg: TypeError: undefined is not a constructor (evaluating 'domain.includes(".com")')

  phantomjs://platform/console++.js:263 in error
[ERROR - 2020-06-08T03:32:16.835Z] Session [7ad8c230-a938-11ea-add5-b1e11078f447] - page.onError - stack:
  (anonymous function) (https://www.impactmontreal.com/:33)

  phantomjs://platform/console++.js:263 in error
[ERROR - 2020-06-08T03:32:18.553Z] Session [7ad8c230-a938-11ea-add5-b1e11078f447] - page.onError - msg: ReferenceError: Can't find variable: WeakMap

  phantomjs://platform/console++.js:263 in error
[ERROR - 2020-06-08T03:32:18.553Z] Session [7ad8c230-a938-11ea-add5-b1e11078f447] - page.onError - stack:
  (anonymous function) (https://players.brightcove.net/6088693098001/default_default/index.min.js:1)
  (anonymous function) (https://players.brightcove.net/6088693098001/default_default/index.min.js:1)
  (anonymous function) (https://players.brightcove.net/6088693098001/default_default/index.min.js:1)
  (anonymous function) (https://players.brightcove.net/6088693098001/default_default/index.min.js:1)
  (anonymous function) (https://players.brightcove.net/6088693098001/default_default/index.min.js:1)

  phantomjs://platform/console++.js:263 in error
[ERROR - 2020-06-08T03:32:18.956Z] Session [7ad8c230-a938-11ea-add5-b1e11078f447] - page.onError - msg: ReferenceError: Can't find variable: bc

  phantomjs://platform/console++.js:263 in error
[ERROR - 2020-06-08T03:32:18.957Z] Session [7ad8c230-a938-11ea-add5-b1e11078f447] - page.onError - stack:
  (anonymous function) (https://www.nashvillesc.com/:168)
  n (https://www.nashvillesc.com/sites/all/modules/contrib/jquery_update/replace/jquery/1.7/jquery.min.js?v=1.7.1:2)
  fireWith (https://www.nashvillesc.com/sites/all/modules/contrib/jquery_update/replace/jquery/1.7/jquery.min.js?v=1.7.1:2)
  ready (https://www.nashvillesc.com/sites/all/modules/contrib/jquery_update/replace/jquery/1.7/jquery.min.js?v=1.7.1:2)
  B (https://www.nashvillesc.com/sites/all/modules/contrib/jquery_update/replace/jquery/1.7/jquery.min.js?v=1.7.1:2)

  phantomjs://platform/console++.js:263 in error
[ERROR - 2020-06-08T03:32:23.267Z] Session [7ad8c230-a938-11ea-add5-b1e11078f447] - page.onError - msg: TypeError: undefined is not a constructor (evaluating 'new A')

  phantomjs://platform/console++.js:263 in error
[ERROR - 2020-06-08T03:32:23.268Z] Session [7ad8c230-a938-11ea-add5-b1e11078f447] - page.onError - stack:
  (anonymous function) (https://players.brightcove.net/5534894112001/default_default/index.min.js:1)
  (anonymous function) (https://players.brightcove.net/5534894112001/default_default/index.min.js:1)
  (anonymous function) (https://players.brightcove.net/5534894112001/default_default/index.min.js:1)
  (anonymous function) (https://players.brightcove.net/5534894112001/default_default/index.min.js:1)
  (anonymous function) (https://players.brightcove.net/5534894112001/default_default/index.min.js:1)
  (anonymous function) (https://players.brightcove.net/5534894112001/default_default/index.min.js:1)

  phantomjs://platform/console++.js:263 in error
[ERROR - 2020-06-08T03:32:23.682Z] Session [7ad8c230-a938-11ea-add5-b1e11078f447] - page.onError - msg: ReferenceError: Can't find variable: bc

  phantomjs://platform/console++.js:263 in error
[ERROR - 2020-06-08T03:32:23.682Z] Session [7ad8c230-a938-11ea-add5-b1e11078f447] - page.onError - stack:
  (anonymous function) (https://www.revolutionsoccer.net/:162)
  n (https://www.revolutionsoccer.net/sites/all/modules/contrib/jquery_update/replace/jquery/1.7/jquery.min.js?v=1.7.1:2)
  fireWith (https://www.revolutionsoccer.net/sites/all/modules/contrib/jquery_update/replace/jquery/1.7/jquery.min.js?v=1.7.1:2)
  ready (https://www.revolutionsoccer.net/sites/all/modules/contrib/jquery_update/replace/jquery/1.7/jquery.min.js?v=1.7.1:2)
  B (https://www.revolutionsoccer.net/sites/all/modules/contrib/jquery_update/replace/jquery/1.7/jquery.min.js?v=1.7.1:2)

  phantomjs://platform/console++.js:263 in error
[ERROR - 2020-06-08T03:32:25.925Z] Session [7ad8c230-a938-11ea-add5-b1e11078f447] - page.onError - msg: TypeError: undefined is not a constructor (evaluating 'domain.includes(".com")')

  phantomjs://platform/console++.js:263 in error
[ERROR - 2020-06-08T03:32:25.925Z] Session [7ad8c230-a938-11ea-add5-b1e11078f447] - page.onError - stack:
  (anonymous function) (https://www.revolutionsoccer.net/:33)

  phantomjs://platform/console++.js:263 in error
[ERROR - 2020-06-08T03:32:27.573Z] Session [7ad8c230-a938-11ea-add5-b1e11078f447] - page.onError - msg: ReferenceError: Can't find variable: em

  phantomjs://platform/console++.js:263 in error
[ERROR - 2020-06-08T03:32:27.574Z] Session [7ad8c230-a938-11ea-add5-b1e11078f447] - page.onError - stack:
  global code (https://www.nycfc.com/:1145)

  phantomjs://platform/console++.js:263 in error
[ERROR - 2020-06-08T03:32:29.869Z] Session [7ad8c230-a938-11ea-add5-b1e11078f447] - page.onError - msg: TypeError: undefined is not a constructor (evaluating 'domain.includes(".com")')

  phantomjs://platform/console++.js:263 in error
[ERROR - 2020-06-08T03:32:29.869Z] Session [7ad8c230-a938-11ea-add5-b1e11078f447] - page.onError - stack:
  (anonymous function) (https://www.nycfc.com/:33)

  phantomjs://platform/console++.js:263 in error
[ERROR - 2020-06-08T03:32:31.195Z] Session [7ad8c230-a938-11ea-add5-b1e11078f447] - page.onError - msg: TypeError: undefined is not a constructor (evaluating 'new A')

  phantomjs://platform/console++.js:263 in error
[ERROR - 2020-06-08T03:32:31.195Z] Session [7ad8c230-a938-11ea-add5-b1e11078f447] - page.onError - stack:
  (anonymous function) (https://players.brightcove.net/5537314724001/default_default/index.min.js:1)
  (anonymous function) (https://players.brightcove.net/5537314724001/default_default/index.min.js:1)
  (anonymous function) (https://players.brightcove.net/5537314724001/default_default/index.min.js:1)
  (anonymous function) (https://players.brightcove.net/5537314724001/default_default/index.min.js:1)
  (anonymous function) (https://players.brightcove.net/5537314724001/default_default/index.min.js:1)
  (anonymous function) (https://players.brightcove.net/5537314724001/default_default/index.min.js:1)

  phantomjs://platform/console++.js:263 in error
[ERROR - 2020-06-08T03:32:31.449Z] Session [7ad8c230-a938-11ea-add5-b1e11078f447] - page.onError - msg: ReferenceError: Can't find variable: bc

  phantomjs://platform/console++.js:263 in error
[ERROR - 2020-06-08T03:32:31.449Z] Session [7ad8c230-a938-11ea-add5-b1e11078f447] - page.onError - stack:
  (anonymous function) (https://www.newyorkredbulls.com/:162)
  n (https://www.newyorkredbulls.com/sites/all/modules/contrib/jquery_update/replace/jquery/1.7/jquery.min.js?v=1.7.1:2)
  fireWith (https://www.newyorkredbulls.com/sites/all/modules/contrib/jquery_update/replace/jquery/1.7/jquery.min.js?v=1.7.1:2)
  ready (https://www.newyorkredbulls.com/sites/all/modules/contrib/jquery_update/replace/jquery/1.7/jquery.min.js?v=1.7.1:2)
  B (https://www.newyorkredbulls.com/sites/all/modules/contrib/jquery_update/replace/jquery/1.7/jquery.min.js?v=1.7.1:2)

  phantomjs://platform/console++.js:263 in error
[ERROR - 2020-06-08T03:32:33.525Z] Session [7ad8c230-a938-11ea-add5-b1e11078f447] - page.onError - msg: TypeError: undefined is not a constructor (evaluating 'domain.includes(".com")')

  phantomjs://platform/console++.js:263 in error
[ERROR - 2020-06-08T03:32:33.525Z] Session [7ad8c230-a938-11ea-add5-b1e11078f447] - page.onError - stack:
  (anonymous function) (https://www.newyorkredbulls.com/:33)

  phantomjs://platform/console++.js:263 in error
[ERROR - 2020-06-08T03:32:39.638Z] Session [7ad8c230-a938-11ea-add5-b1e11078f447] - page.onError - msg: TypeError: undefined is not a constructor (evaluating 'domain.includes(".com")')

  phantomjs://platform/console++.js:263 in error
[ERROR - 2020-06-08T03:32:39.638Z] Session [7ad8c230-a938-11ea-add5-b1e11078f447] - page.onError - stack:
  (anonymous function) (https://www.orlandocitysc.com/:33)

  phantomjs://platform/console++.js:263 in error
[ERROR - 2020-06-08T03:32:41.950Z] Session [7ad8c230-a938-11ea-add5-b1e11078f447] - page.onError - msg: TypeError: undefined is not a constructor (evaluating 'new A')

  phantomjs://platform/console++.js:263 in error
[ERROR - 2020-06-08T03:32:41.950Z] Session [7ad8c230-a938-11ea-add5-b1e11078f447] - page.onError - stack:
  (anonymous function) (https://players.brightcove.net/5537314727001/default_default/index.min.js:1)
  (anonymous function) (https://players.brightcove.net/5537314727001/default_default/index.min.js:1)
  (anonymous function) (https://players.brightcove.net/5537314727001/default_default/index.min.js:1)
  (anonymous function) (https://players.brightcove.net/5537314727001/default_default/index.min.js:1)
  (anonymous function) (https://players.brightcove.net/5537314727001/default_default/index.min.js:1)
  (anonymous function) (https://players.brightcove.net/5537314727001/default_default/index.min.js:1)

  phantomjs://platform/console++.js:263 in error
[ERROR - 2020-06-08T03:32:42.941Z] Session [7ad8c230-a938-11ea-add5-b1e11078f447] - page.onError - msg: ReferenceError: Can't find variable: bc

  phantomjs://platform/console++.js:263 in error
[ERROR - 2020-06-08T03:32:42.941Z] Session [7ad8c230-a938-11ea-add5-b1e11078f447] - page.onError - stack:
  (anonymous function) (https://www.philadelphiaunion.com/:168)
  n (https://www.philadelphiaunion.com/sites/all/modules/contrib/jquery_update/replace/jquery/1.7/jquery.min.js?v=1.7.1:2)
  fireWith (https://www.philadelphiaunion.com/sites/all/modules/contrib/jquery_update/replace/jquery/1.7/jquery.min.js?v=1.7.1:2)
  ready (https://www.philadelphiaunion.com/sites/all/modules/contrib/jquery_update/replace/jquery/1.7/jquery.min.js?v=1.7.1:2)
  B (https://www.philadelphiaunion.com/sites/all/modules/contrib/jquery_update/replace/jquery/1.7/jquery.min.js?v=1.7.1:2)

  phantomjs://platform/console++.js:263 in error
[ERROR - 2020-06-08T03:32:53.289Z] Session [7ad8c230-a938-11ea-add5-b1e11078f447] - page.onError - msg: TypeError: undefined is not a constructor (evaluating 'new A')

  phantomjs://platform/console++.js:263 in error
[ERROR - 2020-06-08T03:32:53.289Z] Session [7ad8c230-a938-11ea-add5-b1e11078f447] - page.onError - stack:
  (anonymous function) (https://players.brightcove.net/5539867199001/default_default/index.min.js:1)
  (anonymous function) (https://players.brightcove.net/5539867199001/default_default/index.min.js:1)
  (anonymous function) (https://players.brightcove.net/5539867199001/default_default/index.min.js:1)
  (anonymous function) (https://players.brightcove.net/5539867199001/default_default/index.min.js:1)
  (anonymous function) (https://players.brightcove.net/5539867199001/default_default/index.min.js:1)
  (anonymous function) (https://players.brightcove.net/5539867199001/default_default/index.min.js:1)

  phantomjs://platform/console++.js:263 in error
[ERROR - 2020-06-08T03:32:53.753Z] Session [7ad8c230-a938-11ea-add5-b1e11078f447] - page.onError - msg: ReferenceError: Can't find variable: bc

  phantomjs://platform/console++.js:263 in error
[ERROR - 2020-06-08T03:32:53.754Z] Session [7ad8c230-a938-11ea-add5-b1e11078f447] - page.onError - stack:
  (anonymous function) (https://www.rsl.com/:163)
  n (https://www.rsl.com/sites/all/modules/contrib/jquery_update/replace/jquery/1.7/jquery.min.js?v=1.7.1:2)
  fireWith (https://www.rsl.com/sites/all/modules/contrib/jquery_update/replace/jquery/1.7/jquery.min.js?v=1.7.1:2)
  ready (https://www.rsl.com/sites/all/modules/contrib/jquery_update/replace/jquery/1.7/jquery.min.js?v=1.7.1:2)
  B (https://www.rsl.com/sites/all/modules/contrib/jquery_update/replace/jquery/1.7/jquery.min.js?v=1.7.1:2)

  phantomjs://platform/console++.js:263 in error
[ERROR - 2020-06-08T03:32:55.460Z] Session [7ad8c230-a938-11ea-add5-b1e11078f447] - page.onError - msg: TypeError: undefined is not a constructor (evaluating 'domain.includes(".com")')

  phantomjs://platform/console++.js:263 in error
[ERROR - 2020-06-08T03:32:55.460Z] Session [7ad8c230-a938-11ea-add5-b1e11078f447] - page.onError - stack:
  (anonymous function) (https://www.rsl.com/:33)

  phantomjs://platform/console++.js:263 in error
[ERROR - 2020-06-08T03:32:59.365Z] Session [7ad8c230-a938-11ea-add5-b1e11078f447] - page.onError - msg: TypeError: undefined is not a constructor (evaluating 'domain.includes(".com")')

  phantomjs://platform/console++.js:263 in error
[ERROR - 2020-06-08T03:32:59.366Z] Session [7ad8c230-a938-11ea-add5-b1e11078f447] - page.onError - stack:
  (anonymous function) (https://www.sjearthquakes.com/:33)

  phantomjs://platform/console++.js:263 in error
[ERROR - 2020-06-08T03:33:08.129Z] Session [7ad8c230-a938-11ea-add5-b1e11078f447] - page.onError - msg: TypeError: undefined is not a constructor (evaluating 'domain.includes(".com")')

  phantomjs://platform/console++.js:263 in error
[ERROR - 2020-06-08T03:33:08.129Z] Session [7ad8c230-a938-11ea-add5-b1e11078f447] - page.onError - stack:
  (anonymous function) (https://www.soundersfc.com/:33)

  phantomjs://platform/console++.js:263 in error
[ERROR - 2020-06-08T03:33:11.242Z] Session [7ad8c230-a938-11ea-add5-b1e11078f447] - page.onError - msg: TypeError: undefined is not a constructor (evaluating 'new A')

  phantomjs://platform/console++.js:263 in error
[ERROR - 2020-06-08T03:33:11.242Z] Session [7ad8c230-a938-11ea-add5-b1e11078f447] - page.onError - stack:
  (anonymous function) (https://players.brightcove.net/5539867203001/default_default/index.min.js:1)
  (anonymous function) (https://players.brightcove.net/5539867203001/default_default/index.min.js:1)
  (anonymous function) (https://players.brightcove.net/5539867203001/default_default/index.min.js:1)
  (anonymous function) (https://players.brightcove.net/5539867203001/default_default/index.min.js:1)
  (anonymous function) (https://players.brightcove.net/5539867203001/default_default/index.min.js:1)
  (anonymous function) (https://players.brightcove.net/5539867203001/default_default/index.min.js:1)

  phantomjs://platform/console++.js:263 in error
[ERROR - 2020-06-08T03:33:11.845Z] Session [7ad8c230-a938-11ea-add5-b1e11078f447] - page.onError - msg: ReferenceError: Can't find variable: bc

  phantomjs://platform/console++.js:263 in error
[ERROR - 2020-06-08T03:33:11.845Z] Session [7ad8c230-a938-11ea-add5-b1e11078f447] - page.onError - stack:
  (anonymous function) (https://www.torontofc.ca/:163)
  n (https://www.torontofc.ca/sites/all/modules/contrib/jquery_update/replace/jquery/1.7/jquery.min.js?v=1.7.1:2)
  fireWith (https://www.torontofc.ca/sites/all/modules/contrib/jquery_update/replace/jquery/1.7/jquery.min.js?v=1.7.1:2)
  ready (https://www.torontofc.ca/sites/all/modules/contrib/jquery_update/replace/jquery/1.7/jquery.min.js?v=1.7.1:2)
  B (https://www.torontofc.ca/sites/all/modules/contrib/jquery_update/replace/jquery/1.7/jquery.min.js?v=1.7.1:2)

  phantomjs://platform/console++.js:263 in error
[ERROR - 2020-06-08T03:33:15.304Z] Session [7ad8c230-a938-11ea-add5-b1e11078f447] - page.onError - msg: TypeError: undefined is not a constructor (evaluating 'domain.includes(".com")')

  phantomjs://platform/console++.js:263 in error
[ERROR - 2020-06-08T03:33:15.304Z] Session [7ad8c230-a938-11ea-add5-b1e11078f447] - page.onError - stack:
  (anonymous function) (https://www.torontofc.ca/:33)

  phantomjs://platform/console++.js:263 in error
[ERROR - 2020-06-08T03:33:17.667Z] Session [7ad8c230-a938-11ea-add5-b1e11078f447] - page.onError - msg: TypeError: undefined is not a constructor (evaluating 'new S')

  phantomjs://platform/console++.js:263 in error
[ERROR - 2020-06-08T03:33:17.667Z] Session [7ad8c230-a938-11ea-add5-b1e11078f447] - page.onError - stack:
  (anonymous function) (https://players.brightcove.net/5537314762001/default_default/index.min.js:1)
  (anonymous function) (https://players.brightcove.net/5537314762001/default_default/index.min.js:1)
  (anonymous function) (https://players.brightcove.net/5537314762001/default_default/index.min.js:1)
  (anonymous function) (https://players.brightcove.net/5537314762001/default_default/index.min.js:1)
  (anonymous function) (https://players.brightcove.net/5537314762001/default_default/index.min.js:1)
  (anonymous function) (https://players.brightcove.net/5537314762001/default_default/index.min.js:1)

  phantomjs://platform/console++.js:263 in error
[ERROR - 2020-06-08T03:33:18.088Z] Session [7ad8c230-a938-11ea-add5-b1e11078f447] - page.onError - msg: ReferenceError: Can't find variable: bc

  phantomjs://platform/console++.js:263 in error
[ERROR - 2020-06-08T03:33:18.089Z] Session [7ad8c230-a938-11ea-add5-b1e11078f447] - page.onError - stack:
  (anonymous function) (https://www.whitecapsfc.com/:162)
  n (https://www.whitecapsfc.com/sites/all/modules/contrib/jquery_update/replace/jquery/1.7/jquery.min.js?v=1.7.1:2)
  fireWith (https://www.whitecapsfc.com/sites/all/modules/contrib/jquery_update/replace/jquery/1.7/jquery.min.js?v=1.7.1:2)
  ready (https://www.whitecapsfc.com/sites/all/modules/contrib/jquery_update/replace/jquery/1.7/jquery.min.js?v=1.7.1:2)
  B (https://www.whitecapsfc.com/sites/all/modules/contrib/jquery_update/replace/jquery/1.7/jquery.min.js?v=1.7.1:2)

  phantomjs://platform/console++.js:263 in error
[ERROR - 2020-06-08T03:33:19.590Z] Session [7ad8c230-a938-11ea-add5-b1e11078f447] - page.onError - msg: TypeError: undefined is not a constructor (evaluating 'domain.includes(".com")')

  phantomjs://platform/console++.js:263 in error
[ERROR - 2020-06-08T03:33:19.596Z] Session [7ad8c230-a938-11ea-add5-b1e11078f447] - page.onError - stack:
  (anonymous function) (https://www.whitecapsfc.com/:33)

  phantomjs://platform/console++.js:263 in error
[INFO  - 2020-06-08T03:36:03.007Z] SessionManagerReqHand - _cleanupWindowlessSessions - Asynchronous Sessions clean-up phase starting NOW
[INFO  - 2020-06-08T03:41:03.009Z] SessionManagerReqHand - _cleanupWindowlessSessions - Asynchronous Sessions clean-up phase starting NOW
[INFO  - 2020-06-08T03:46:03.032Z] SessionManagerReqHand - _cleanupWindowlessSessions - Asynchronous Sessions clean-up phase starting NOW
[INFO  - 2020-06-08T03:51:03.038Z] SessionManagerReqHand - _cleanupWindowlessSessions - Asynchronous Sessions clean-up phase starting NOW
[INFO  - 2020-06-08T03:56:03.045Z] SessionManagerReqHand - _cleanupWindowlessSessions - Asynchronous Sessions clean-up phase starting NOW
[INFO  - 2020-06-08T04:01:03.053Z] SessionManagerReqHand - _cleanupWindowlessSessions - Asynchronous Sessions clean-up phase starting NOW
[INFO  - 2020-06-08T04:06:03.057Z] SessionManagerReqHand - _cleanupWindowlessSessions - Asynchronous Sessions clean-up phase starting NOW
[INFO  - 2020-06-08T04:11:03.062Z] SessionManagerReqHand - _cleanupWindowlessSessions - Asynchronous Sessions clean-up phase starting NOW
[INFO  - 2020-06-08T04:16:03.067Z] SessionManagerReqHand - _cleanupWindowlessSessions - Asynchronous Sessions clean-up phase starting NOW
[INFO  - 2020-06-08T04:21:03.075Z] SessionManagerReqHand - _cleanupWindowlessSessions - Asynchronous Sessions clean-up phase starting NOW
[INFO  - 2020-06-08T04:26:03.084Z] SessionManagerReqHand - _cleanupWindowlessSessions - Asynchronous Sessions clean-up phase starting NOW
